<?xml version="1.0" encoding="UTF-8"?>
<!-- Generated by org.testng.reporters.JUnitReportReporter -->
<testsuite hostname="Bartek-Komputer" name="GoogleTest" tests="1" failures="0" timestamp="9 Apr 2015 07:32:09 GMT" time="3.744" errors="0">
  <testcase name="verifySearch" time="3.744" classname="GoogleTest"/>
</testsuite> <!-- GoogleTest -->
